<?xml version="1.0" encoding="UTF-8"?>
<testsuite name="WallServiceTest" tests="2" skipped="0" failures="0" errors="0" timestamp="2021-03-24T22:37:22" hostname="DESKTOP-1E9GUG2" time="0.06">
  <properties/>
  <testcase name="updateExisting()" classname="WallServiceTest" time="0.058"/>
  <testcase name="noUpdateExisting()" classname="WallServiceTest" time="0.001"/>
  <system-out><![CDATA[]]></system-out>
  <system-err><![CDATA[]]></system-err>
</testsuite>
